<?xml version="1.0" encoding="UTF-8"?>
<testsuites name="RegisterValidation" time="10.898" tests="3" failures="0" errors="0">
   <testsuite name="RegisterValidation" tests="3" failures="0" errors="0" time="10.898" skipped="0" timestamp="2022-03-17 22:26:17" hostname="th-1-000250 - 192.168.0.101" id="Test Suites/RegisterValidation">
      <properties>
         <property name="deviceName" value=""/>
         <property name="devicePlatform" value=""/>
         <property name="logFolder" value="/Users/th-1-000250/git/KatalonAPIAutomation/Reports/20220317_222458/RegisterValidation/20220317_222458"/>
         <property name="logFiles" value="/Users/th-1-000250/git/KatalonAPIAutomation/Reports/20220317_222458/RegisterValidation/20220317_222458/execution0.log"/>
         <property name="attachments" value=""/>
         <property name="hostName" value="th-1-000250 - 192.168.0.101"/>
         <property name="hostAddress" value="192.168.0.101"/>
         <property name="os" value="Mac OS X 64bit"/>
         <property name="katalonVersion" value="8.2.5.208"/>
      </properties>
      <testcase name="Test Cases/User/ValidateUserLists" time="5.788" classname="Test Cases/User/ValidateUserLists" status="PASSED">
         <system-out><![CDATA[2022-03-17 22:26:17 - [TEST_CASE][PASSED] - Test Cases/User/ValidateUserLists: Test Cases/User/ValidateUserLists

2022-03-17 22:26:18 - [TEST_STEP][PASSED] - response = sendRequest(findTestObject("User/UserLists")): Send request successfully

2022-03-17 22:26:23 - [MESSAGE][INFO] - HAR: /Users/th-1-000250/git/KatalonAPIAutomation/Reports/20220317_222458/RegisterValidation/20220317_222458/requests/main/0.har

2022-03-17 22:26:23 - [MESSAGE][PASSED] - Send request successfully

2022-03-17 22:26:23 - [TEST_STEP][PASSED] - verifyResponseStatusCode(response, 200): Verify response status code successfully

2022-03-17 22:26:23 - [MESSAGE][PASSED] - Verify response status code successfully

2022-03-17 22:26:23 - [TEST_STEP][PASSED] - verifyElementPropertyValue(response, "page", 1): Verify element property value successfully

2022-03-17 22:26:23 - [MESSAGE][PASSED] - Verify element property value successfully]]></system-out>
         <system-err><![CDATA[]]></system-err>
      </testcase>
      <testcase name="Test Cases/User/ValidateUserNotFound" time="2.051" classname="Test Cases/User/ValidateUserNotFound" status="PASSED">
         <system-out><![CDATA[2022-03-17 22:26:23 - [TEST_CASE][PASSED] - Test Cases/User/ValidateUserNotFound: Test Cases/User/ValidateUserNotFound

2022-03-17 22:26:24 - [TEST_STEP][PASSED] - response = sendRequest(findTestObject("User/UserNotFound")): Send request successfully

2022-03-17 22:26:25 - [MESSAGE][INFO] - HAR: /Users/th-1-000250/git/KatalonAPIAutomation/Reports/20220317_222458/RegisterValidation/20220317_222458/requests/main/1.har

2022-03-17 22:26:25 - [MESSAGE][PASSED] - Send request successfully

2022-03-17 22:26:25 - [TEST_STEP][PASSED] - verifyResponseStatusCode(response, 404): Verify response status code successfully

2022-03-17 22:26:25 - [MESSAGE][PASSED] - Verify response status code successfully]]></system-out>
         <system-err><![CDATA[]]></system-err>
      </testcase>
      <testcase name="Test Cases/User/ValidateUserDetails" time="2.096" classname="Test Cases/User/ValidateUserDetails" status="PASSED">
         <system-out><![CDATA[2022-03-17 22:26:25 - [TEST_CASE][PASSED] - Test Cases/User/ValidateUserDetails: Test Cases/User/ValidateUserDetails

2022-03-17 22:26:26 - [TEST_STEP][PASSED] - response = sendRequest(findTestObject("User/UserDetails")): Send request successfully

2022-03-17 22:26:27 - [MESSAGE][INFO] - HAR: /Users/th-1-000250/git/KatalonAPIAutomation/Reports/20220317_222458/RegisterValidation/20220317_222458/requests/main/2.har

2022-03-17 22:26:27 - [MESSAGE][PASSED] - Send request successfully

2022-03-17 22:26:27 - [TEST_STEP][PASSED] - verifyResponseStatusCode(response, 200): Verify response status code successfully

2022-03-17 22:26:27 - [MESSAGE][PASSED] - Verify response status code successfully

2022-03-17 22:26:27 - [TEST_STEP][PASSED] - verifyElementPropertyValue(response, "data.id", 2): Verify element property value successfully

2022-03-17 22:26:27 - [MESSAGE][PASSED] - Verify element property value successfully]]></system-out>
         <system-err><![CDATA[]]></system-err>
      </testcase>
      <system-out><![CDATA[2022-03-17 22:26:17 - [TEST_SUITE][PASSED] - RegisterValidation: Test Cases/User/ValidateUserDetails]]></system-out>
      <system-err><![CDATA[]]></system-err>
   </testsuite>
</testsuites>
