<?xml version="1.0" encoding="UTF-8"?>
<testsuites name="LoginValidation" time="7.069" tests="2" failures="0" errors="0">
   <testsuite name="LoginValidation" tests="2" failures="0" errors="0" time="7.069" skipped="0" timestamp="2022-03-17 22:40:36" hostname="th-1-000250 - 192.168.0.101" id="Test Suites/LoginValidation">
      <properties>
         <property name="deviceName" value=""/>
         <property name="devicePlatform" value=""/>
         <property name="logFolder" value="/Users/th-1-000250/git/KatalonAPIAutomation/Reports/20220317_224020/LoginValidation/20220317_224020"/>
         <property name="logFiles" value="/Users/th-1-000250/git/KatalonAPIAutomation/Reports/20220317_224020/LoginValidation/20220317_224020/execution0.log"/>
         <property name="attachments" value=""/>
         <property name="hostName" value="th-1-000250 - 192.168.0.101"/>
         <property name="hostAddress" value="192.168.0.101"/>
         <property name="os" value="Mac OS X 64bit"/>
         <property name="katalonVersion" value="8.2.5.208"/>
      </properties>
      <testcase name="Test Cases/Login/ValidateLoginFailed" time="4.134" classname="Test Cases/Login/ValidateLoginFailed" status="PASSED">
         <system-out><![CDATA[2022-03-17 22:40:36 - [TEST_CASE][PASSED] - Test Cases/Login/ValidateLoginFailed: Test Cases/Login/ValidateLoginFailed

2022-03-17 22:40:37 - [TEST_STEP][PASSED] - response = sendRequest(findTestObject("Login/FailedLogin")): Send request successfully

2022-03-17 22:40:40 - [MESSAGE][INFO] - HAR: /Users/th-1-000250/git/KatalonAPIAutomation/Reports/20220317_224020/LoginValidation/20220317_224020/requests/main/0.har

2022-03-17 22:40:40 - [MESSAGE][PASSED] - Send request successfully

2022-03-17 22:40:40 - [TEST_STEP][PASSED] - verifyResponseStatusCode(response, 400): Verify response status code successfully

2022-03-17 22:40:40 - [MESSAGE][PASSED] - Verify response status code successfully

2022-03-17 22:40:40 - [TEST_STEP][PASSED] - verifyElementPropertyValue(response, "error", "Missing password"): Verify element property value successfully

2022-03-17 22:40:41 - [MESSAGE][PASSED] - Verify element property value successfully]]></system-out>
         <system-err><![CDATA[]]></system-err>
      </testcase>
      <testcase name="Test Cases/Login/ValidateLoginSuccess" time="2.135" classname="Test Cases/Login/ValidateLoginSuccess" status="PASSED">
         <system-out><![CDATA[2022-03-17 22:40:41 - [TEST_CASE][PASSED] - Test Cases/Login/ValidateLoginSuccess: Test Cases/Login/ValidateLoginSuccess

2022-03-17 22:40:41 - [TEST_STEP][PASSED] - response = sendRequest(findTestObject("Login/SuccessLogin")): Send request successfully

2022-03-17 22:40:43 - [MESSAGE][INFO] - HAR: /Users/th-1-000250/git/KatalonAPIAutomation/Reports/20220317_224020/LoginValidation/20220317_224020/requests/main/1.har

2022-03-17 22:40:43 - [MESSAGE][PASSED] - Send request successfully

2022-03-17 22:40:43 - [TEST_STEP][PASSED] - verifyResponseStatusCode(response, 200): Verify response status code successfully

2022-03-17 22:40:43 - [MESSAGE][PASSED] - Verify response status code successfully

2022-03-17 22:40:43 - [TEST_STEP][PASSED] - verifyElementPropertyValue(response, "token", "QpwL5tke4Pnpja7X4"): Verify element property value successfully

2022-03-17 22:40:43 - [MESSAGE][PASSED] - Verify element property value successfully]]></system-out>
         <system-err><![CDATA[]]></system-err>
      </testcase>
      <system-out><![CDATA[2022-03-17 22:40:36 - [TEST_SUITE][PASSED] - LoginValidation: Test Cases/Login/ValidateLoginSuccess]]></system-out>
      <system-err><![CDATA[]]></system-err>
   </testsuite>
</testsuites>
